2018-05-31 13:04:29.609  INFO 5428 --- [main] r.b.BookOfHuntingApplication             : Starting BookOfHuntingApplication on KwiatkiTrzy-PC with PID 5428 (E:\java\workspace\bookOfHunting\target\classes started by KwiatkiTrzy in E:\java\workspace\bookOfHunting)
2018-05-31 13:04:29.618 DEBUG 5428 --- [main] r.b.BookOfHuntingApplication             : Running with Spring Boot v1.5.12.RELEASE, Spring v4.3.16.RELEASE
2018-05-31 13:04:29.619  INFO 5428 --- [main] r.b.BookOfHuntingApplication             : No active profile set, falling back to default profiles: default
2018-05-31 13:04:29.765  INFO 5428 --- [main] ationConfigEmbeddedWebApplicationContext : Refreshing org.springframework.boot.context.embedded.AnnotationConfigEmbeddedWebApplicationContext@75f9eccc: startup date [Thu May 31 13:04:29 CEST 2018]; root of context hierarchy
2018-05-31 13:04:32.516  INFO 5428 --- [main] f.a.AutowiredAnnotationBeanPostProcessor : JSR-330 'javax.inject.Inject' annotation found and supported for autowiring
2018-05-31 13:04:32.995  INFO 5428 --- [main] trationDelegate$BeanPostProcessorChecker : Bean 'org.springframework.transaction.annotation.ProxyTransactionManagementConfiguration' of type [org.springframework.transaction.annotation.ProxyTransactionManagementConfiguration$$EnhancerBySpringCGLIB$$d06093a2] is not eligible for getting processed by all BeanPostProcessors (for example: not eligible for auto-proxying)
2018-05-31 13:04:34.449  INFO 5428 --- [main] s.b.c.e.t.TomcatEmbeddedServletContainer : Tomcat initialized with port(s): 8080 (http)
2018-05-31 13:04:34.524  INFO 5428 --- [main] o.apache.catalina.core.StandardService   : Starting service [Tomcat]
2018-05-31 13:04:34.525  INFO 5428 --- [main] org.apache.catalina.core.StandardEngine  : Starting Servlet Engine: Apache Tomcat/8.5.29
2018-05-31 13:04:35.261  INFO 5428 --- [localhost-startStop-1] org.apache.jasper.servlet.TldScanner     : At least one JAR was scanned for TLDs yet contained no TLDs. Enable debug logging for this logger for a complete list of JARs that were scanned but no TLDs were found in them. Skipping unneeded JARs during scanning can improve startup time and JSP compilation time.
2018-05-31 13:04:35.273  INFO 5428 --- [localhost-startStop-1] o.a.c.c.C.[Tomcat].[localhost].[/]       : Initializing Spring embedded WebApplicationContext
2018-05-31 13:04:35.274  INFO 5428 --- [localhost-startStop-1] o.s.web.context.ContextLoader            : Root WebApplicationContext: initialization completed in 5515 ms
2018-05-31 13:04:35.794  INFO 5428 --- [localhost-startStop-1] o.s.b.w.servlet.FilterRegistrationBean   : Mapping filter: 'characterEncodingFilter' to: [/*]
2018-05-31 13:04:35.796  INFO 5428 --- [localhost-startStop-1] o.s.b.w.servlet.FilterRegistrationBean   : Mapping filter: 'hiddenHttpMethodFilter' to: [/*]
2018-05-31 13:04:35.796  INFO 5428 --- [localhost-startStop-1] o.s.b.w.servlet.FilterRegistrationBean   : Mapping filter: 'httpPutFormContentFilter' to: [/*]
2018-05-31 13:04:35.797  INFO 5428 --- [localhost-startStop-1] o.s.b.w.servlet.FilterRegistrationBean   : Mapping filter: 'requestContextFilter' to: [/*]
2018-05-31 13:04:35.800  INFO 5428 --- [localhost-startStop-1] .s.DelegatingFilterProxyRegistrationBean : Mapping filter: 'springSecurityFilterChain' to: [/*]
2018-05-31 13:04:35.801  INFO 5428 --- [localhost-startStop-1] o.s.b.w.servlet.ServletRegistrationBean  : Mapping servlet: 'dispatcherServlet' to [/]
2018-05-31 13:04:37.284  INFO 5428 --- [main] j.LocalContainerEntityManagerFactoryBean : Building JPA container EntityManagerFactory for persistence unit 'default'
2018-05-31 13:04:37.340  INFO 5428 --- [main] o.hibernate.jpa.internal.util.LogHelper  : HHH000204: Processing PersistenceUnitInfo [
	name: default
	...]
2018-05-31 13:04:37.608  INFO 5428 --- [main] org.hibernate.Version                    : HHH000412: Hibernate Core {5.0.12.Final}
2018-05-31 13:04:37.612  INFO 5428 --- [main] org.hibernate.cfg.Environment            : HHH000206: hibernate.properties not found
2018-05-31 13:04:37.618  INFO 5428 --- [main] org.hibernate.cfg.Environment            : HHH000021: Bytecode provider name : javassist
2018-05-31 13:04:37.780  INFO 5428 --- [main] o.hibernate.annotations.common.Version   : HCANN000001: Hibernate Commons Annotations {5.0.1.Final}
2018-05-31 13:04:38.342  INFO 5428 --- [main] org.hibernate.dialect.Dialect            : HHH000400: Using dialect: org.hibernate.dialect.MySQL5Dialect
2018-05-31 13:04:38.755  INFO 5428 --- [main] org.hibernate.tool.hbm2ddl.SchemaUpdate  : HHH000228: Running hbm2ddl schema update
2018-05-31 13:04:38.872  INFO 5428 --- [main] j.LocalContainerEntityManagerFactoryBean : Initialized JPA EntityManagerFactory for persistence unit 'default'
2018-05-31 13:04:40.020  INFO 5428 --- [main] o.s.s.web.DefaultSecurityFilterChain     : Creating filter chain: Ant [pattern='/resources/**'], []
2018-05-31 13:04:40.021  INFO 5428 --- [main] o.s.s.web.DefaultSecurityFilterChain     : Creating filter chain: Ant [pattern='/statics/**'], []
2018-05-31 13:04:40.021  INFO 5428 --- [main] o.s.s.web.DefaultSecurityFilterChain     : Creating filter chain: Ant [pattern='/css/**'], []
2018-05-31 13:04:40.021  INFO 5428 --- [main] o.s.s.web.DefaultSecurityFilterChain     : Creating filter chain: Ant [pattern='/js/**'], []
2018-05-31 13:04:40.021  INFO 5428 --- [main] o.s.s.web.DefaultSecurityFilterChain     : Creating filter chain: Ant [pattern='/images/**'], []
2018-05-31 13:04:40.281  INFO 5428 --- [main] o.s.s.web.DefaultSecurityFilterChain     : Creating filter chain: org.springframework.security.web.util.matcher.AnyRequestMatcher@1, [org.springframework.security.web.context.request.async.WebAsyncManagerIntegrationFilter@233db8e9, org.springframework.security.web.context.SecurityContextPersistenceFilter@64e1377c, org.springframework.security.web.header.HeaderWriterFilter@a09303, org.springframework.security.web.authentication.logout.LogoutFilter@2ceee4b6, org.springframework.security.web.authentication.UsernamePasswordAuthenticationFilter@796f632b, org.springframework.security.web.savedrequest.RequestCacheAwareFilter@92d1782, org.springframework.security.web.servletapi.SecurityContextHolderAwareRequestFilter@798dad3d, org.springframework.security.web.authentication.AnonymousAuthenticationFilter@40c2ce52, org.springframework.security.web.session.SessionManagementFilter@322ba549, org.springframework.security.web.access.ExceptionTranslationFilter@2f10f633, org.springframework.security.web.access.intercept.FilterSecurityInterceptor@fb0a08c]
2018-05-31 13:04:41.005  INFO 5428 --- [main] s.w.s.m.m.a.RequestMappingHandlerAdapter : Looking for @ControllerAdvice: org.springframework.boot.context.embedded.AnnotationConfigEmbeddedWebApplicationContext@75f9eccc: startup date [Thu May 31 13:04:29 CEST 2018]; root of context hierarchy
2018-05-31 13:04:41.330  INFO 5428 --- [main] s.w.s.m.m.a.RequestMappingHandlerMapping : Mapped "{[/]}" onto public java.lang.String radkwiat.bookOfHunting.controllers.IndexController.showIndexPage()
2018-05-31 13:04:41.340  INFO 5428 --- [main] s.w.s.m.m.a.RequestMappingHandlerMapping : Mapped "{[/error]}" onto public org.springframework.http.ResponseEntity<java.util.Map<java.lang.String, java.lang.Object>> org.springframework.boot.autoconfigure.web.BasicErrorController.error(javax.servlet.http.HttpServletRequest)
2018-05-31 13:04:41.342  INFO 5428 --- [main] s.w.s.m.m.a.RequestMappingHandlerMapping : Mapped "{[/error],produces=[text/html]}" onto public org.springframework.web.servlet.ModelAndView org.springframework.boot.autoconfigure.web.BasicErrorController.errorHtml(javax.servlet.http.HttpServletRequest,javax.servlet.http.HttpServletResponse)
2018-05-31 13:04:41.436  INFO 5428 --- [main] o.s.w.s.handler.SimpleUrlHandlerMapping  : Mapped URL path [/webjars/**] onto handler of type [class org.springframework.web.servlet.resource.ResourceHttpRequestHandler]
2018-05-31 13:04:41.446  INFO 5428 --- [main] o.s.w.s.handler.SimpleUrlHandlerMapping  : Mapped URL path [/resources/** ] onto handler of type [class org.springframework.web.servlet.resource.ResourceHttpRequestHandler]
2018-05-31 13:04:41.556  INFO 5428 --- [main] o.s.w.s.handler.SimpleUrlHandlerMapping  : Mapped URL path [/**/favicon.ico] onto handler of type [class org.springframework.web.servlet.resource.ResourceHttpRequestHandler]
2018-05-31 13:04:41.973  INFO 5428 --- [main] b.a.s.AuthenticationManagerConfiguration : 

Using default security password: da5ce76b-70ad-4e38-9193-02e2c3cc5952

2018-05-31 13:04:42.319  INFO 5428 --- [main] o.s.j.e.a.AnnotationMBeanExporter        : Registering beans for JMX exposure on startup
2018-05-31 13:04:42.471  INFO 5428 --- [main] s.b.c.e.t.TomcatEmbeddedServletContainer : Tomcat started on port(s): 8080 (http)
2018-05-31 13:04:42.482  INFO 5428 --- [main] r.b.BookOfHuntingApplication             : Started BookOfHuntingApplication in 13.62 seconds (JVM running for 14.574)
2018-05-31 13:07:17.837  INFO 5428 --- [http-nio-8080-exec-1] o.a.c.c.C.[Tomcat].[localhost].[/]       : Initializing Spring FrameworkServlet 'dispatcherServlet'
2018-05-31 13:07:17.837  INFO 5428 --- [http-nio-8080-exec-1] o.s.web.servlet.DispatcherServlet        : FrameworkServlet 'dispatcherServlet': initialization started
2018-05-31 13:07:17.876  INFO 5428 --- [http-nio-8080-exec-1] o.s.web.servlet.DispatcherServlet        : FrameworkServlet 'dispatcherServlet': initialization completed in 39 ms
